<?xml version="1.0" encoding="UTF-8"?>
<!-- Generated by org.testng.reporters.JUnitReportReporter -->
<testsuite hostname="HP" name="Academy.HomePage" tests="3" failures="0" timestamp="9 Jun 2021 14:11:37 GMT" time="14.269" errors="0">
  <testcase name="basePageNavigation" time="0.880" classname="Academy.HomePage"/>
  <testcase name="basePageNavigation" time="12.505" classname="Academy.HomePage"/>
  <testcase name="basePageNavigation" time="0.884" classname="Academy.HomePage"/>
</testsuite> <!-- Academy.HomePage -->
