<?xml version="1.0" encoding="UTF-8"?>
<!-- Generated by org.testng.reporters.JUnitReportReporter -->
<testsuite hostname="HP" name="Academy.VerifyLoginPage" tests="3" failures="0" timestamp="9 Jun 2021 14:15:14 GMT" time="35.745" errors="0">
  <testcase name="basePageNavigation" time="26.184" classname="Academy.VerifyLoginPage"/>
  <testcase name="basePageNavigation" time="4.760" classname="Academy.VerifyLoginPage"/>
  <testcase name="basePageNavigation" time="4.801" classname="Academy.VerifyLoginPage"/>
</testsuite> <!-- Academy.VerifyLoginPage -->
