<?xml version="1.0" encoding="UTF-8"?>
<!-- Generated by org.testng.reporters.JUnitReportReporter -->
<testsuite hostname="HP" name="Academy.VerifyCheckbox" tests="1" failures="0" timestamp="15 Jun 2021 08:10:23 GMT" time="22.134" errors="0">
  <testcase name="validatecheckbox" time="22.134" classname="Academy.VerifyCheckbox"/>
</testsuite> <!-- Academy.VerifyCheckbox -->
