<?xml version="1.0" encoding="UTF-8"?>
<!-- Generated by org.testng.reporters.JUnitReportReporter -->
<testsuite hostname="HP" name="Academy.VerifyFormAuthenticationPageWithExcel" tests="1" failures="0" timestamp="15 Jun 2021 08:10:23 GMT" time="32.395" errors="0">
  <testcase name="validateFormAuthentication" time="32.395" classname="Academy.VerifyFormAuthenticationPageWithExcel"/>
</testsuite> <!-- Academy.VerifyFormAuthenticationPageWithExcel -->
