<?xml version="1.0" encoding="UTF-8"?>
<!-- Generated by org.testng.reporters.JUnitReportReporter -->
<testsuite hostname="HP" name="Academy.VerifyCheckbox" tests="1" failures="0" timestamp="10 Jun 2021 16:33:02 GMT" time="9.539" errors="0">
  <testcase name="validatecheckbox" time="9.539" classname="Academy.VerifyCheckbox"/>
</testsuite> <!-- Academy.VerifyCheckbox -->
